# JRE version: OpenJDK Runtime Environment (11.0.12) (build 11.0.12+0-b1504.28-7817840)
# Java VM: OpenJDK 64-Bit Server VM (11.0.12+0-b1504.28-7817840, mixed mode, tiered, compressed oops, g1 gc, linux-amd64)
Heap:
 garbage-first heap   total 307200K, used 246372K [0x0000000080000000, 0x0000000100000000)
  region size 1024K, 96 young (98304K), 6 survivors (6144K)
 Metaspace       used 149256K, capacity 154853K, committed 155136K, reserved 1183744K
  class space    used 18114K, capacity 20184K, committed 20224K, reserved 1048576K
GC Heap History (20 events):
Event: 8626,201 GC heap after
{Heap after GC invocations=315 (full 0):
 garbage-first heap   total 307200K, used 163803K [0x0000000080000000, 0x0000000100000000)
  region size 1024K, 2 young (2048K), 2 survivors (2048K)
 Metaspace       used 149018K, capacity 154633K, committed 154880K, reserved 1183744K
  class space    used 18103K, capacity 20134K, committed 20224K, reserved 1048576K
}
Event: 8627,544 GC heap before
{Heap before GC invocations=315 (full 0):
 garbage-first heap   total 307200K, used 218075K [0x0000000080000000, 0x0000000100000000)
  region size 1024K, 57 young (58368K), 2 survivors (2048K)
 Metaspace       used 149098K, capacity 154738K, committed 154880K, reserved 1183744K
  class space    used 18112K, capacity 20151K, committed 20224K, reserved 1048576K
}
Event: 8627,574 GC heap after
{Heap after GC invocations=316 (full 0):
 garbage-first heap   total 307200K, used 165927K [0x0000000080000000, 0x0000000100000000)
  region size 1024K, 4 young (4096K), 4 survivors (4096K)
 Metaspace       used 149098K, capacity 154738K, committed 154880K, reserved 1183744K
  class space    used 18112K, capacity 20151K, committed 20224K, reserved 1048576K
}
Event: 8722,016 GC heap before
{Heap before GC invocations=317 (full 0):
 garbage-first heap   total 307200K, used 246823K [0x0000000080000000, 0x0000000100000000)
  region size 1024K, 70 young (71680K), 4 survivors (4096K)
 Metaspace       used 149130K, capacity 154743K, committed 154880K, reserved 1183744K
  class space    used 18112K, capacity 20151K, committed 20224K, reserved 1048576K
}
Event: 8722,040 GC heap after
{Heap after GC invocations=318 (full 0):
 garbage-first heap   total 307200K, used 172196K [0x0000000080000000, 0x0000000100000000)
  region size 1024K, 9 young (9216K), 9 survivors (9216K)
 Metaspace       used 149130K, capacity 154743K, committed 154880K, reserved 1183744K
  class space    used 18112K, capacity 20151K, committed 20224K, reserved 1048576K
}
Event: 8722,079 GC heap before
{Heap before GC invocations=318 (full 0):
 garbage-first heap   total 307200K, used 178340K [0x0000000080000000, 0x0000000100000000)
  region size 1024K, 15 young (15360K), 9 survivors (9216K)
 Metaspace       used 149130K, capacity 154743K, committed 154880K, reserved 1183744K
  class space    used 18112K, capacity 20151K, committed 20224K, reserved 1048576K
}
Event: 8722,105 GC heap after
{Heap after GC invocations=319 (full 0):
 garbage-first heap   total 307200K, used 162435K [0x0000000080000000, 0x0000000100000000)
  region size 1024K, 2 young (2048K), 2 survivors (2048K)
 Metaspace       used 149130K, capacity 154743K, committed 154880K, reserved 1183744K
  class space    used 18112K, capacity 20151K, committed 20224K, reserved 1048576K
}
Event: 8723,502 GC heap before
{Heap before GC invocations=319 (full 0):
 garbage-first heap   total 307200K, used 204419K [0x0000000080000000, 0x0000000100000000)
  region size 1024K, 45 young (46080K), 2 survivors (2048K)
 Metaspace       used 149170K, capacity 154816K, committed 155136K, reserved 1183744K
  class space    used 18112K, capacity 20152K, committed 20224K, reserved 1048576K
}
Event: 8723,514 GC heap after
{Heap after GC invocations=320 (full 0):
 garbage-first heap   total 307200K, used 163459K [0x0000000080000000, 0x0000000100000000)
  region size 1024K, 3 young (3072K), 3 survivors (3072K)
 Metaspace       used 149170K, capacity 154816K, committed 155136K, reserved 1183744K
  class space    used 18112K, capacity 20152K, committed 20224K, reserved 1048576K
}
Event: 8826,854 GC heap before
{Heap before GC invocations=321 (full 0):
 garbage-first heap   total 307200K, used 251523K [0x0000000080000000, 0x0000000100000000)
  region size 1024K, 76 young (77824K), 3 survivors (3072K)
 Metaspace       used 149177K, capacity 154816K, committed 155136K, reserved 1183744K
  class space    used 18112K, capacity 20152K, committed 20224K, reserved 1048576K
}
Event: 8826,875 GC heap after
{Heap after GC invocations=322 (full 0):
 garbage-first heap   total 307200K, used 170226K [0x0000000080000000, 0x0000000100000000)
  region size 1024K, 10 young (10240K), 10 survivors (10240K)
 Metaspace       used 149177K, capacity 154816K, committed 155136K, reserved 1183744K
  class space    used 18112K, capacity 20152K, committed 20224K, reserved 1048576K
}
Event: 8826,910 GC heap before
{Heap before GC invocations=322 (full 0):
 garbage-first heap   total 307200K, used 174322K [0x0000000080000000, 0x0000000100000000)
  region size 1024K, 15 young (15360K), 10 survivors (10240K)
 Metaspace       used 149179K, capacity 154816K, committed 155136K, reserved 1183744K
  class space    used 18112K, capacity 20152K, committed 20224K, reserved 1048576K
}
Event: 8826,946 GC heap after
{Heap after GC invocations=323 (full 0):
 garbage-first heap   total 307200K, used 163853K [0x0000000080000000, 0x0000000100000000)
  region size 1024K, 2 young (2048K), 2 survivors (2048K)
 Metaspace       used 149179K, capacity 154816K, committed 155136K, reserved 1183744K
  class space    used 18112K, capacity 20152K, committed 20224K, reserved 1048576K
}
Event: 8898,711 GC heap before
{Heap before GC invocations=323 (full 0):
 garbage-first heap   total 307200K, used 240653K [0x0000000080000000, 0x0000000100000000)
  region size 1024K, 78 young (79872K), 2 survivors (2048K)
 Metaspace       used 149190K, capacity 154848K, committed 155136K, reserved 1183744K
  class space    used 18113K, capacity 20184K, committed 20224K, reserved 1048576K
}
Event: 8898,738 GC heap after
{Heap after GC invocations=324 (full 0):
 garbage-first heap   total 307200K, used 170993K [0x0000000080000000, 0x0000000100000000)
  region size 1024K, 9 young (9216K), 9 survivors (9216K)
 Metaspace       used 149190K, capacity 154848K, committed 155136K, reserved 1183744K
  class space    used 18113K, capacity 20184K, committed 20224K, reserved 1048576K
}
Event: 10098,844 GC heap before
{Heap before GC invocations=325 (full 0):
 garbage-first heap   total 307200K, used 259057K [0x0000000080000000, 0x0000000100000000)
  region size 1024K, 82 young (83968K), 9 survivors (9216K)
 Metaspace       used 149229K, capacity 154852K, committed 155136K, reserved 1183744K
  class space    used 18113K, capacity 20184K, committed 20224K, reserved 1048576K
}
Event: 10098,855 GC heap after
{Heap after GC invocations=326 (full 0):
 garbage-first heap   total 307200K, used 166096K [0x0000000080000000, 0x0000000100000000)
  region size 1024K, 2 young (2048K), 2 survivors (2048K)
 Metaspace       used 149229K, capacity 154852K, committed 155136K, reserved 1183744K
  class space    used 18113K, capacity 20184K, committed 20224K, reserved 1048576K
}
Event: 10644,216 GC heap before
{Heap before GC invocations=326 (full 0):
 garbage-first heap   total 307200K, used 178384K [0x0000000080000000, 0x0000000100000000)
  region size 1024K, 15 young (15360K), 2 survivors (2048K)
 Metaspace       used 149230K, capacity 154852K, committed 155136K, reserved 1183744K
  class space    used 18113K, capacity 20184K, committed 20224K, reserved 1048576K
}
Event: 10644,249 GC heap after
{Heap after GC invocations=327 (full 0):
 garbage-first heap   total 307200K, used 154212K [0x0000000080000000, 0x0000000100000000)
  region size 1024K, 1 young (1024K), 1 survivors (1024K)
 Metaspace       used 149230K, capacity 154852K, committed 155136K, reserved 1183744K
  class space    used 18113K, capacity 20184K, committed 20224K, reserved 1048576K
}
Event: 13012,356 GC heap before
{Heap before GC invocations=327 (full 0):
 garbage-first heap   total 307200K, used 245348K [0x0000000080000000, 0x0000000100000000)
  region size 1024K, 91 young (93184K), 1 survivors (1024K)
 Metaspace       used 149256K, capacity 154853K, committed 155136K, reserved 1183744K
  class space    used 18114K, capacity 20184K, committed 20224K, reserved 1048576K
}

